<?xml version="1.0" encoding="UTF-8"?>
<!-- Generated by org.testng.reporters.JUnitReportReporter -->
<testsuite hostname="DESKTOP-CTNIRRU" failures="0" tests="1" name="basePackage.BaseClass" time="0.017" errors="0" timestamp="2023-11-26T23:06:59 IST" skipped="0">
  <testcase classname="basePackage.BaseClass" name="tst" time="0.017"/>
  <system-out/>
</testsuite> <!-- basePackage.BaseClass -->
