<?xml version="1.0" encoding="UTF-8"?>
<!-- Generated by org.testng.reporters.JUnitReportReporter -->
<testsuite hostname="DESKTOP-CTNIRRU" failures="0" tests="1" name="basePackage.CallValues" time="0.015" errors="0" timestamp="2023-11-24T13:47:58 IST" skipped="0">
  <testcase classname="basePackage.CallValues" name="test1" time="0.015"/>
  <system-out/>
</testsuite> <!-- basePackage.CallValues -->
