<?xml version="1.0" encoding="UTF-8"?>
<!-- Generated by org.testng.reporters.JUnitReportReporter -->
<testsuite hostname="DESKTOP-CTNIRRU" failures="0" tests="1" name="basePackage.LoginTest" time="4.697" errors="0" timestamp="2023-11-27T13:15:51 IST" skipped="0">
  <testcase classname="basePackage.LoginTest" name="login" time="4.697"/>
  <system-out/>
</testsuite> <!-- basePackage.LoginTest -->
